\BOOKMARK [-1][-]{chapter*.1}{\376\377\004\043\004\024\004\030\004\040\004\042\004\023\004\020\004\033}{}% 1
\BOOKMARK [-1][-]{chapter*.1}{\376\377\004\021\004\256\004\033\004\023\004\256\004\256\004\024}{}% 2
\BOOKMARK [0][-]{chapter.1}{\376\377\004\041\004\115\004\064\004\062\004\070\004\071\004\075\000\040\004\102\004\060\004\075\004\070\004\073\004\106\004\103\004\103\004\073\004\063\004\060}{chapter*.1}% 3
\BOOKMARK [1][-]{section.1.1}{\376\377\004\036\004\100\004\110\004\070\004\073}{chapter.1}% 4
\BOOKMARK [1][-]{section.1.2}{\376\377\004\027\004\076\004\100\004\070\004\073\004\063\004\076}{chapter.1}% 5
\BOOKMARK [1][-]{section.1.3}{\376\377\004\027\004\076\004\100\004\070\004\073\004\102}{chapter.1}% 6
\BOOKMARK [1][-]{section.1.4}{\376\377\004\020\004\073\004\101\004\113\004\075\000\040\004\105\004\060\004\100\004\060\004\060}{chapter.1}% 7
\BOOKMARK [0][-]{chapter.2}{\376\377\004\041\004\070\004\101\004\102\004\065\004\074\004\070\004\071\004\075\000\040\004\101\004\103\004\064\004\060\004\073\004\063\004\060\004\060}{chapter*.1}% 8
\BOOKMARK [1][-]{section.2.1}{\376\377\004\041\004\070\004\101\004\102\004\065\004\074\004\070\004\071\004\075\000\040\004\101\004\103\004\064\004\060\004\073\004\063\004\060\004\060}{chapter.2}% 9
\BOOKMARK [1][-]{section.2.2}{\376\377\004\030\004\066\004\070\004\073\000\040\004\102\004\351\004\101\004\102\004\115\004\071\000\040\004\101\004\070\004\101\004\102\004\065\004\074\004\257\004\257\004\064}{chapter.2}% 10
\BOOKMARK [1][-]{section.2.3}{\376\377\004\042\004\065\004\105\004\075\004\076\004\073\004\076\004\063\004\070\004\071\004\075\000\040\004\101\004\103\004\064\004\060\004\073\004\063\004\060\004\060}{chapter.2}% 11
\BOOKMARK [0][-]{chapter.3}{\376\377\004\041\004\070\004\101\004\102\004\065\004\074\004\070\004\071\004\075\000\040\004\110\004\070\004\075\004\066\004\070\004\073\004\063\004\115\004\115}{chapter*.1}% 12
\BOOKMARK [1][-]{section.3.1}{\376\377\004\021\004\070\004\067\004\075\004\065\004\101\004\070\004\071\004\075\000\040\004\257\004\071\004\073\000\040\004\060\004\066\004\070\004\073\004\073\004\060\004\063\004\060\004\060\004\075\004\113\000\040\004\110\004\070\004\075\004\066\004\070\004\073\004\063\004\115\004\115}{chapter.3}% 13
\BOOKMARK [1][-]{section.3.2}{\376\377\004\045\004\115\004\100\004\115\004\063\004\073\004\115\004\063\004\107}{chapter.3}% 14
\BOOKMARK [1][-]{section.3.3}{\376\377\004\044\004\103\004\075\004\072\004\106\004\070\004\076\004\075\004\060\004\073\000\040\004\110\004\060\004\060\004\100\004\064\004\073\004\060\004\063\004\060}{chapter.3}% 15
\BOOKMARK [1][-]{section.3.4}{\376\377\004\044\004\103\004\075\004\072\004\106\004\070\004\076\004\075\004\060\004\073\000\040\004\061\004\103\004\101\000\040\004\110\004\060\004\060\004\100\004\064\004\073\004\060\004\063\004\060}{chapter.3}% 16
\BOOKMARK [1][-]{section.3.5}{\376\377\000U\000s\000e\000\040\000c\000a\000s\000e\000\040\004\064\004\070\004\060\004\063\004\100\004\060\004\074}{chapter.3}% 17
\BOOKMARK [0][-]{chapter.4}{\376\377\004\041\004\070\004\101\004\102\004\065\004\074\004\070\004\071\004\075\000\040\004\067\004\076\004\105\004\070\004\076\004\074\004\066}{chapter*.1}% 18
\BOOKMARK [1][-]{section.4.1}{\376\377\004\350\004\063\004\351\004\063\004\064\004\073\004\070\004\071\004\075\000\040\004\101\004\060\004\075\004\063\004\070\004\071\004\075\000\040\004\064\004\070\004\060\004\063\004\100\004\060\004\074}{chapter.4}% 19
\BOOKMARK [1][-]{section.4.2}{\376\377\004\350\004\063\004\351\004\063\004\064\004\073\004\070\004\071\004\075\000\040\004\115\004\073\004\065\004\074\004\065\004\075\004\102}{chapter.4}% 20
\BOOKMARK [0][-]{chapter.5}{\376\377\004\045\004\115\004\100\004\115\004\063\004\066\004\257\004\257\004\073\004\115\004\073\004\102\000,\000\040\004\257\004\100\000\040\004\064\004\257\004\075}{chapter*.1}% 21
\BOOKMARK [1][-]{section.5.1}{\376\377\004\045\004\351\004\063\004\066\004\257\004\257\004\073\004\101\004\115\004\075\000\040\004\061\004\060\004\071\004\064\004\060\004\073}{chapter.5}% 22
\BOOKMARK [-1][-]{section.5.1}{\376\377\004\035\004\036\004\034\000\040\004\027\004\256\004\031}{}% 23
\BOOKMARK [-1][-]{chapter*.2}{\376\377\004\045\004\020\004\022\004\041\004\040\004\020\004\033\004\042}{}% 24
\BOOKMARK [0][-]{appendix.A}{\376\377\004\256\004\065\004\107\004\070\004\073\004\101\004\115\004\075\000\040\004\102\004\351\004\073\004\351\004\062\004\073\004\351\004\063\004\351\004\351}{chapter*.2}% 25
\BOOKMARK [0][-]{appendix.B}{\376\377\004\032\004\076\004\064\004\113\004\075\000\040\004\105\004\115\004\100\004\115\004\063\004\066\004\257\004\257\004\073\004\115\004\073\004\102}{chapter*.2}% 26
\BOOKMARK [1][-]{section.B.1}{\376\377\004\350\004\063\004\351\004\063\004\064\004\351\004\073\000\040\004\106\004\103\004\063\004\103\004\103\004\073\004\060\004\073\004\102}{appendix.B}% 27
