This is XeTeX, Version 3.141592653-2.6-0.999993 (TeX Live 2021) (preloaded format=xelatex 2022.3.30)  5 APR 2022 10:34
entering extended mode
 restricted \write18 enabled.
 file:line:error style messages enabled.
 %&-line parsing enabled.
**/Users/zolboo/Desktop/bachelor/employementAnalysis/report/main.tex
(/Users/zolboo/Desktop/bachelor/employementAnalysis/report/main.tex
LaTeX2e <2020-10-01> patch level 4
L3 programming layer <2021-02-18> (/usr/local/texlive/2021/texmf-dist/tex/latex/base/report.cls
Document Class: report 2020/04/10 v1.4m Standard LaTeX document class
(/usr/local/texlive/2021/texmf-dist/tex/latex/base/size12.clo
File: size12.clo 2020/04/10 v1.4m Standard LaTeX file (size option)
)
\c@part=\count175
\c@chapter=\count176
\c@section=\count177
\c@subsection=\count178
\c@subsubsection=\count179
\c@paragraph=\count180
\c@subparagraph=\count181
\c@figure=\count182
\c@table=\count183
\abovecaptionskip=\skip47
\belowcaptionskip=\skip48
\bibindent=\dimen138
) (/usr/local/texlive/2021/texmf-dist/tex/latex/fontspec/fontspec.sty (/usr/local/texlive/2021/texmf-dist/tex/latex/l3packages/xparse/xparse.sty (/usr/local/texlive/2021/texmf-dist/tex/latex/l3kernel/expl3.sty
Package: expl3 2021-02-18 L3 programming layer (loader) 
 (/usr/local/texlive/2021/texmf-dist/tex/latex/l3backend/l3backend-xetex.def
File: l3backend-xetex.def 2021-03-18 L3 backend support: XeTeX
 (|extractbb --version)
\c__kernel_sys_dvipdfmx_version_int=\count184
\l__color_backend_stack_int=\count185
\g__color_backend_stack_int=\count186
\g__graphics_track_int=\count187
\l__pdf_internal_box=\box47
\g__pdf_backend_object_int=\count188
\g__pdf_backend_annotation_int=\count189
\g__pdf_backend_link_int=\count190
)) (/usr/local/texlive/2021/texmf-dist/tex/latex/l3packages/xparse/xparse-2020-10-01.sty (/usr/local/texlive/2021/texmf-dist/tex/latex/l3packages/xparse/xparse-generic.tex)))
Package: fontspec 2020/02/21 v2.7i Font selection for XeLaTeX and LuaLaTeX
 (/usr/local/texlive/2021/texmf-dist/tex/latex/fontspec/fontspec-xetex.sty
Package: fontspec-xetex 2020/02/21 v2.7i Font selection for XeLaTeX and LuaLaTeX
\l__fontspec_script_int=\count191
\l__fontspec_language_int=\count192
\l__fontspec_strnum_int=\count193
\l__fontspec_tmp_int=\count194
\l__fontspec_tmpa_int=\count195
\l__fontspec_tmpb_int=\count196
\l__fontspec_tmpc_int=\count197
\l__fontspec_em_int=\count198
\l__fontspec_emdef_int=\count199
\l__fontspec_strong_int=\count266
\l__fontspec_strongdef_int=\count267
\l__fontspec_tmpa_dim=\dimen139
\l__fontspec_tmpb_dim=\dimen140
\l__fontspec_tmpc_dim=\dimen141
 (/usr/local/texlive/2021/texmf-dist/tex/latex/base/fontenc.sty
Package: fontenc 2020/08/10 v2.0s Standard LaTeX package
) (/usr/local/texlive/2021/texmf-dist/tex/latex/fontspec/fontspec.cfg))) (/usr/local/texlive/2021/texmf-dist/tex/xelatex/xltxtra/xltxtra.sty
Package: xltxtra 2018/12/31 v0.7 Improvements for the "XeLaTeX" format
 (/usr/local/texlive/2021/texmf-dist/tex/generic/iftex/ifluatex.sty
Package: ifluatex 2019/10/25 v1.5 ifluatex legacy package. Use iftex instead.
 (/usr/local/texlive/2021/texmf-dist/tex/generic/iftex/iftex.sty
Package: iftex 2020/03/06 v1.0d TeX engine tests
)) (/usr/local/texlive/2021/texmf-dist/tex/generic/iftex/ifxetex.sty
Package: ifxetex 2019/10/25 v0.7 ifxetex legacy package. Use iftex instead.
) (/usr/local/texlive/2021/texmf-dist/tex/latex/realscripts/realscripts.sty
Package: realscripts 2016/02/13 v0.3d Access OpenType subscripts and superscripts
\subsupersep=\dimen142
) (/usr/local/texlive/2021/texmf-dist/tex/latex/metalogo/metalogo.sty
Package: metalogo 2010/05/29 v0.12 Extended TeX logo macros
 (/usr/local/texlive/2021/texmf-dist/tex/latex/graphics/graphicx.sty
Package: graphicx 2020/09/09 v1.2b Enhanced LaTeX Graphics (DPC,SPQR)
 (/usr/local/texlive/2021/texmf-dist/tex/latex/graphics/keyval.sty
Package: keyval 2014/10/28 v1.15 key=value parser (DPC)
\KV@toks@=\toks15
) (/usr/local/texlive/2021/texmf-dist/tex/latex/graphics/graphics.sty
Package: graphics 2020/08/30 v1.4c Standard LaTeX Graphics (DPC,SPQR)
 (/usr/local/texlive/2021/texmf-dist/tex/latex/graphics/trig.sty
Package: trig 2016/01/03 v1.10 sin cos tan (DPC)
) (/usr/local/texlive/2021/texmf-dist/tex/latex/graphics-cfg/graphics.cfg
File: graphics.cfg 2016/06/04 v1.11 sample graphics configuration
)
Package graphics Info: Driver file: xetex.def on input line 105.
 (/usr/local/texlive/2021/texmf-dist/tex/latex/graphics-def/xetex.def
File: xetex.def 2021/03/18 v5.0k Graphics/color driver for xetex
))
\Gin@req@height=\dimen143
\Gin@req@width=\dimen144
)
\xl@everylogo=\toks16
\xl@@everylogo=\toks17
LaTeX Info: Redefining \TeX on input line 193.
LaTeX Info: Redefining \LaTeX on input line 202.
LaTeX Info: Redefining \LaTeXe on input line 219.
)
\l__xetex_show_hyphens_wrapping_box=\box48
\l__xetex_show_hyphens_temp_box=\box49
\l__xetex_show_hyphens_final_box=\box50
\g__xetex_show_hyphens_word_box=\box51
) (/usr/local/texlive/2021/texmf-dist/tex/xelatex/xunicode/xunicode.sty
File: xunicode.sty 2011/09/09 v0.981 provides access to latin accents and many other characters in Unicode lower plane
 (/usr/local/texlive/2021/texmf-dist/tex/latex/tipa/t3enc.def
File: t3enc.def 2001/12/31 T3 encoding
)
\tipaTiiicode=\count268
\tipasavetokens=\toks18
\tipachecktokens=\toks19
)

Package fontspec Info: Font family 'TimesNewRoman(0)' created for font 'Times
(fontspec)             New Roman' with options [Ligatures=TeX,Ligatures=TeX].
(fontspec)              
(fontspec)              This font family consists of the following NFSS
(fontspec)             series/shapes:
(fontspec)              
(fontspec)             - 'normal' (m/n) with NFSS spec.: <->"Times New
(fontspec)             Roman/OT:script=latn;language=dflt;mapping=tex-text;"
(fontspec)             - 'small caps'  (m/sc) with NFSS spec.: 
(fontspec)             - 'bold' (b/n) with NFSS spec.: <->"Times New
(fontspec)             Roman/B/OT:script=latn;language=dflt;mapping=tex-text;"
(fontspec)             - 'bold small caps'  (b/sc) with NFSS spec.: 
(fontspec)             - 'italic' (m/it) with NFSS spec.: <->"Times New
(fontspec)             Roman/I/OT:script=latn;language=dflt;mapping=tex-text;"
(fontspec)             - 'italic small caps'  (m/scit) with NFSS spec.: 
(fontspec)             - 'bold italic' (b/it) with NFSS spec.: <->"Times New
(fontspec)             Roman/BI/OT:script=latn;language=dflt;mapping=tex-text;"
(fontspec)             - 'bold italic small caps'  (b/scit) with NFSS spec.: 


Package fontspec Info: Font family 'Arial(0)' created for font 'Arial' with
(fontspec)             options [Ligatures=TeX].
(fontspec)              
(fontspec)              This font family consists of the following NFSS
(fontspec)             series/shapes:
(fontspec)              
(fontspec)             - 'normal' (m/n) with NFSS spec.:
(fontspec)             <->"Arial/OT:script=latn;language=dflt;mapping=tex-text;"
(fontspec)             - 'small caps'  (m/sc) with NFSS spec.: 
(fontspec)             - 'bold' (b/n) with NFSS spec.:
(fontspec)             <->"Arial/B/OT:script=latn;language=dflt;mapping=tex-text;"
(fontspec)             - 'bold small caps'  (b/sc) with NFSS spec.: 
(fontspec)             - 'italic' (m/it) with NFSS spec.:
(fontspec)             <->"Arial/I/OT:script=latn;language=dflt;mapping=tex-text;"
(fontspec)             - 'italic small caps'  (m/scit) with NFSS spec.: 
(fontspec)             - 'bold italic' (b/it) with NFSS spec.:
(fontspec)             <->"Arial/BI/OT:script=latn;language=dflt;mapping=tex-text;"
(fontspec)             - 'bold italic small caps'  (b/scit) with NFSS spec.: 

 (/usr/local/texlive/2021/texmf-dist/tex/latex/geometry/geometry.sty
Package: geometry 2020/01/02 v5.9 Page Geometry
 (/usr/local/texlive/2021/texmf-dist/tex/generic/iftex/ifvtex.sty
Package: ifvtex 2019/10/25 v1.7 ifvtex legacy package. Use iftex instead.
)
\Gm@cnth=\count269
\Gm@cntv=\count270
\c@Gm@tempcnt=\count271
\Gm@bindingoffset=\dimen145
\Gm@wd@mp=\dimen146
\Gm@odd@mp=\dimen147
\Gm@even@mp=\dimen148
\Gm@layoutwidth=\dimen149
\Gm@layoutheight=\dimen150
\Gm@layouthoffset=\dimen151
\Gm@layoutvoffset=\dimen152
\Gm@dimlist=\toks20
) (/usr/local/texlive/2021/texmf-dist/tex/latex/fancyhdr/fancyhdr.sty
Package: fancyhdr 2021/01/28 v4.0.1 Extensive control of page headers and footers
\f@nch@headwidth=\skip49
\f@nch@O@elh=\skip50
\f@nch@O@erh=\skip51
\f@nch@O@olh=\skip52
\f@nch@O@orh=\skip53
\f@nch@O@elf=\skip54
\f@nch@O@erf=\skip55
\f@nch@O@olf=\skip56
\f@nch@O@orf=\skip57
) (/usr/local/texlive/2021/texmf-dist/tex/latex/float/float.sty
Package: float 2001/11/08 v1.3d Float enhancements (AL)
\c@float@type=\count272
\float@exts=\toks21
\float@box=\box52
\@float@everytoks=\toks22
\@floatcapt=\box53
) (/usr/local/texlive/2021/texmf-dist/tex/latex/tools/afterpage.sty
Package: afterpage 2014/10/28 v1.08 After-Page Package (DPC)
\AP@output=\toks23
\AP@partial=\box54
\AP@footins=\box55
) (/usr/local/texlive/2021/texmf-dist/tex/latex/amsmath/amsmath.sty
Package: amsmath 2020/09/23 v2.17i AMS math features
\@mathmargin=\skip58

For additional information on amsmath, use the `?' option.
(/usr/local/texlive/2021/texmf-dist/tex/latex/amsmath/amstext.sty
Package: amstext 2000/06/29 v2.01 AMS text
 (/usr/local/texlive/2021/texmf-dist/tex/latex/amsmath/amsgen.sty
File: amsgen.sty 1999/11/30 v2.0 generic functions
\@emptytoks=\toks24
\ex@=\dimen153
)) (/usr/local/texlive/2021/texmf-dist/tex/latex/amsmath/amsbsy.sty
Package: amsbsy 1999/11/29 v1.2d Bold Symbols
\pmbraise@=\dimen154
) (/usr/local/texlive/2021/texmf-dist/tex/latex/amsmath/amsopn.sty
Package: amsopn 2016/03/08 v2.02 operator names
)
\inf@bad=\count273
LaTeX Info: Redefining \frac on input line 234.
\uproot@=\count274
\leftroot@=\count275
LaTeX Info: Redefining \overline on input line 399.
\classnum@=\count276
\DOTSCASE@=\count277
LaTeX Info: Redefining \ldots on input line 496.
LaTeX Info: Redefining \dots on input line 499.
LaTeX Info: Redefining \cdots on input line 620.
\Mathstrutbox@=\box56
\strutbox@=\box57
\big@size=\dimen155
LaTeX Font Info:    Redeclaring font encoding OML on input line 743.
LaTeX Font Info:    Redeclaring font encoding OMS on input line 744.
\macc@depth=\count278
\c@MaxMatrixCols=\count279
\dotsspace@=\muskip16
\c@parentequation=\count280
\dspbrk@lvl=\count281
\tag@help=\toks25
\row@=\count282
\column@=\count283
\maxfields@=\count284
\andhelp@=\toks26
\eqnshift@=\dimen156
\alignsep@=\dimen157
\tagshift@=\dimen158
\tagwidth@=\dimen159
\totwidth@=\dimen160
\lineht@=\dimen161
\@envbody=\toks27
\multlinegap=\skip59
\multlinetaggap=\skip60
\mathdisplay@stack=\toks28
LaTeX Info: Redefining \[ on input line 2923.
LaTeX Info: Redefining \] on input line 2924.
) (/usr/local/texlive/2021/texmf-dist/tex/latex/amsfonts/amssymb.sty
Package: amssymb 2013/01/14 v3.01 AMS font symbols
 (/usr/local/texlive/2021/texmf-dist/tex/latex/amsfonts/amsfonts.sty
Package: amsfonts 2013/01/14 v3.01 Basic AMSFonts support
\symAMSa=\mathgroup4
\symAMSb=\mathgroup5
LaTeX Font Info:    Redeclaring math symbol \hbar on input line 98.
LaTeX Font Info:    Overwriting math alphabet `\mathfrak' in version `bold'
(Font)                  U/euf/m/n --> U/euf/b/n on input line 106.
)) (/usr/local/texlive/2021/texmf-dist/tex/latex/tools/dcolumn.sty
Package: dcolumn 2014/10/28 v1.06 decimal alignment package (DPC)
 (/usr/local/texlive/2021/texmf-dist/tex/latex/tools/array.sty
Package: array 2020/10/01 v2.5c Tabular extension package (FMi)
\col@sep=\dimen162
\ar@mcellbox=\box58
\extrarowheight=\dimen163
\NC@list=\toks29
\extratabsurround=\skip61
\backup@length=\skip62
\ar@cellbox=\box59
)) (/usr/local/texlive/2021/texmf-dist/tex/latex/tocloft/tocloft.sty
Package: tocloft 2017/08/31 v2.3i parameterised ToC, etc., typesetting
Package tocloft Info: The document has chapter divisions on input line 51.
\cftparskip=\skip63
\cftbeforetoctitleskip=\skip64
\cftaftertoctitleskip=\skip65
\cftbeforepartskip=\skip66
\cftpartnumwidth=\skip67
\cftpartindent=\skip68
\cftbeforechapskip=\skip69
\cftchapindent=\skip70
\cftchapnumwidth=\skip71
\cftbeforesecskip=\skip72
\cftsecindent=\skip73
\cftsecnumwidth=\skip74
\cftbeforesubsecskip=\skip75
\cftsubsecindent=\skip76
\cftsubsecnumwidth=\skip77
\cftbeforesubsubsecskip=\skip78
\cftsubsubsecindent=\skip79
\cftsubsubsecnumwidth=\skip80
\cftbeforeparaskip=\skip81
\cftparaindent=\skip82
\cftparanumwidth=\skip83
\cftbeforesubparaskip=\skip84
\cftsubparaindent=\skip85
\cftsubparanumwidth=\skip86
\cftbeforeloftitleskip=\skip87
\cftafterloftitleskip=\skip88
\cftbeforefigskip=\skip89
\cftfigindent=\skip90
\cftfignumwidth=\skip91
\c@lofdepth=\count285
\c@lotdepth=\count286
\cftbeforelottitleskip=\skip92
\cftafterlottitleskip=\skip93
\cftbeforetabskip=\skip94
\cfttabindent=\skip95
\cfttabnumwidth=\skip96
) (./dics.sty
\fiveblanklines=\skip97
\tenblanklines=\skip98
) (/usr/local/texlive/2021/texmf-dist/tex/latex/nomencl/nomencl.sty
Package: nomencl 2020/12/29 v5.5 Nomenclature package
 (/usr/local/texlive/2021/texmf-dist/tex/latex/xkeyval/xkeyval.sty
Package: xkeyval 2020/11/20 v2.8 package option processing (HA)
 (/usr/local/texlive/2021/texmf-dist/tex/generic/xkeyval/xkeyval.tex (/usr/local/texlive/2021/texmf-dist/tex/generic/xkeyval/xkvutils.tex
\XKV@toks=\toks30
\XKV@tempa@toks=\toks31
)
\XKV@depth=\count287
File: xkeyval.tex 2014/12/03 v2.7a key=value parser (HA)
)) (/usr/local/texlive/2021/texmf-dist/tex/latex/base/ifthen.sty
Package: ifthen 2014/09/29 v1.1c Standard LaTeX ifthen package (DPC)
) (/usr/local/texlive/2021/texmf-dist/tex/latex/koma-script/tocbasic.sty
Package: tocbasic 2021/03/17 v3.33 KOMA-Script package (handling toc-files)
 (/usr/local/texlive/2021/texmf-dist/tex/latex/koma-script/scrbase.sty
Package: scrbase 2021/03/17 v3.33 KOMA-Script package (KOMA-Script-independent basics and keyval usage)
 (/usr/local/texlive/2021/texmf-dist/tex/latex/koma-script/scrlfile.sty
Package: scrlfile 2021/03/17 v3.33 KOMA-Script package (file load hooks)
 (/usr/local/texlive/2021/texmf-dist/tex/latex/koma-script/scrlfile-hook.sty
Package: scrlfile-hook 2021/03/17 v3.33 KOMA-Script package (using LaTeX hooks)
 (/usr/local/texlive/2021/texmf-dist/tex/latex/koma-script/scrlogo.sty
Package: scrlogo 2021/03/17 v3.33 KOMA-Script package (logo)
)))
Skipping: [2021/05/01] Usage of raw option list on input line 252.
Applying: [0000/00/00] compatibility for LaTeX before 2021/05/01 on input line 337.
)
\scr@dte@tocline@numberwidth=\skip99
\scr@dte@tocline@numbox=\box60
)
Package tocbasic Info: babel extension for `nlo' omitted
(tocbasic)             because of missing \bbl@set@language on input line 187.
Package tocbasic Info: babel extension for `nls' omitted
(tocbasic)             because of missing \bbl@set@language on input line 188.
\nomlabelwidth=\dimen164
\nom@tempdim=\dimen165
\nomitemsep=\skip100
) (/usr/local/texlive/2021/texmf-dist/tex/latex/was/upgreek.sty
Package: upgreek 2003/02/12 v2.0 (WaS)
Package upgreek Info: Using Euler Roman for upright Greek on input line 31.
\symugrf@m=\mathgroup6
LaTeX Font Info:    Overwriting symbol font `ugrf@m' in version `bold'
(Font)                  U/eur/m/n --> U/eur/b/n on input line 38.
) (/usr/local/texlive/2021/texmf-dist/tex/latex/mathtools/mathtools.sty
Package: mathtools 2021/03/18 v1.25 mathematical typesetting tools
 (/usr/local/texlive/2021/texmf-dist/tex/latex/tools/calc.sty
Package: calc 2017/05/25 v4.3 Infix arithmetic (KKT,FJ)
\calc@Acount=\count288
\calc@Bcount=\count289
\calc@Adimen=\dimen166
\calc@Bdimen=\dimen167
\calc@Askip=\skip101
\calc@Bskip=\skip102
LaTeX Info: Redefining \setlength on input line 80.
LaTeX Info: Redefining \addtolength on input line 81.
\calc@Ccount=\count290
\calc@Cskip=\skip103
) (/usr/local/texlive/2021/texmf-dist/tex/latex/mathtools/mhsetup.sty
Package: mhsetup 2021/03/18 v1.4 programming setup (MH)
)
LaTeX Info: Thecontrolsequence`\('isalreadyrobust on input line 130.
LaTeX Info: Thecontrolsequence`\)'isalreadyrobust on input line 130.
LaTeX Info: Thecontrolsequence`\['isalreadyrobust on input line 130.
LaTeX Info: Thecontrolsequence`\]'isalreadyrobust on input line 130.
\g_MT_multlinerow_int=\count291
\l_MT_multwidth_dim=\dimen168
\origjot=\skip104
\l_MT_shortvdotswithinadjustabove_dim=\dimen169
\l_MT_shortvdotswithinadjustbelow_dim=\dimen170
\l_MT_above_intertext_sep=\dimen171
\l_MT_below_intertext_sep=\dimen172
\l_MT_above_shortintertext_sep=\dimen173
\l_MT_below_shortintertext_sep=\dimen174
\xmathstrut@box=\box61
\xmathstrut@dim=\dimen175
) (/usr/local/texlive/2021/texmf-dist/tex/latex/hyperref/hyperref.sty
Package: hyperref 2021-02-27 v7.00k Hypertext links for LaTeX
 (/usr/local/texlive/2021/texmf-dist/tex/generic/ltxcmds/ltxcmds.sty
Package: ltxcmds 2020-05-10 v1.25 LaTeX kernel commands for general use (HO)
) (/usr/local/texlive/2021/texmf-dist/tex/generic/pdftexcmds/pdftexcmds.sty
Package: pdftexcmds 2020-06-27 v0.33 Utility functions of pdfTeX for LuaTeX (HO)
 (/usr/local/texlive/2021/texmf-dist/tex/generic/infwarerr/infwarerr.sty
Package: infwarerr 2019/12/03 v1.5 Providing info/warning/error messages (HO)
)
Package pdftexcmds Info: \pdf@primitive is available.
Package pdftexcmds Info: \pdf@ifprimitive is available.
Package pdftexcmds Info: \pdfdraftmode not found.
) (/usr/local/texlive/2021/texmf-dist/tex/generic/kvsetkeys/kvsetkeys.sty
Package: kvsetkeys 2019/12/15 v1.18 Key value parser (HO)
) (/usr/local/texlive/2021/texmf-dist/tex/generic/kvdefinekeys/kvdefinekeys.sty
Package: kvdefinekeys 2019-12-19 v1.6 Define keys (HO)
) (/usr/local/texlive/2021/texmf-dist/tex/generic/pdfescape/pdfescape.sty
Package: pdfescape 2019/12/09 v1.15 Implements pdfTeX's escape features (HO)
) (/usr/local/texlive/2021/texmf-dist/tex/latex/hycolor/hycolor.sty
Package: hycolor 2020-01-27 v1.10 Color options for hyperref/bookmark (HO)
) (/usr/local/texlive/2021/texmf-dist/tex/latex/letltxmacro/letltxmacro.sty
Package: letltxmacro 2019/12/03 v1.6 Let assignment for LaTeX macros (HO)
) (/usr/local/texlive/2021/texmf-dist/tex/latex/auxhook/auxhook.sty
Package: auxhook 2019-12-17 v1.6 Hooks for auxiliary files (HO)
) (/usr/local/texlive/2021/texmf-dist/tex/latex/kvoptions/kvoptions.sty
Package: kvoptions 2020-10-07 v3.14 Key value format for package options (HO)
)
\@linkdim=\dimen176
\Hy@linkcounter=\count292
\Hy@pagecounter=\count293
 (/usr/local/texlive/2021/texmf-dist/tex/latex/hyperref/pd1enc.def
File: pd1enc.def 2021-02-27 v7.00k Hyperref: PDFDocEncoding definition (HO)
) (/usr/local/texlive/2021/texmf-dist/tex/latex/hyperref/hyperref-langpatches.def
File: hyperref-langpatches.def 2021-02-27 v7.00k Hyperref: patches for babel languages
) (/usr/local/texlive/2021/texmf-dist/tex/generic/intcalc/intcalc.sty
Package: intcalc 2019/12/15 v1.3 Expandable calculations with integers (HO)
) (/usr/local/texlive/2021/texmf-dist/tex/generic/etexcmds/etexcmds.sty
Package: etexcmds 2019/12/15 v1.7 Avoid name clashes with e-TeX commands (HO)
)
\Hy@SavedSpaceFactor=\count294
 (/usr/local/texlive/2021/texmf-dist/tex/latex/hyperref/puenc.def
File: puenc.def 2021-02-27 v7.00k Hyperref: PDF Unicode definition (HO)
 (/usr/local/texlive/2021/texmf-dist/tex/latex/hyperref/puenc-greekbasic.def
File: puenc-greekbasic.def 2021-02-27 v7.00k Hyperref: PDF Unicode definition (greek block) (HO)
))
Package hyperref Info: Hyper figures OFF on input line 4192.
Package hyperref Info: Link nesting OFF on input line 4197.
Package hyperref Info: Hyper index ON on input line 4200.
Package hyperref Info: Plain pages OFF on input line 4207.
Package hyperref Info: Backreferencing OFF on input line 4212.
Package hyperref Info: Implicit mode ON; LaTeX internals redefined.
Package hyperref Info: Bookmarks ON on input line 4445.
\c@Hy@tempcnt=\count295
 (/usr/local/texlive/2021/texmf-dist/tex/latex/url/url.sty
\Urlmuskip=\muskip17
Package: url 2013/09/16  ver 3.4  Verb mode for urls, etc.
)
LaTeX Info: Redefining \url on input line 4804.
\XeTeXLinkMargin=\dimen177
 (/usr/local/texlive/2021/texmf-dist/tex/generic/bitset/bitset.sty
Package: bitset 2019/12/09 v1.3 Handle bit-vector datatype (HO)
 (/usr/local/texlive/2021/texmf-dist/tex/generic/bigintcalc/bigintcalc.sty
Package: bigintcalc 2019/12/15 v1.5 Expandable calculations on big integers (HO)
))
\Fld@menulength=\count296
\Field@Width=\dimen178
\Fld@charsize=\dimen179
Package hyperref Info: Hyper figures OFF on input line 6075.
Package hyperref Info: Link nesting OFF on input line 6080.
Package hyperref Info: Hyper index ON on input line 6083.
Package hyperref Info: backreferencing OFF on input line 6090.
Package hyperref Info: Link coloring OFF on input line 6095.
Package hyperref Info: Link coloring with OCG OFF on input line 6100.
Package hyperref Info: PDF/A mode OFF on input line 6105.
LaTeX Info: Redefining \ref on input line 6145.
LaTeX Info: Redefining \pageref on input line 6149.
 (/usr/local/texlive/2021/texmf-dist/tex/latex/base/atbegshi-ltx.sty
Package: atbegshi-ltx 2020/08/17 v1.0a Emulation of the original atbegshi package
with kernel methods
)
\Hy@abspage=\count297
\c@Item=\count298
\c@Hfootnote=\count299
)
Package hyperref Info: Driver (autodetected): hxetex.
 (/usr/local/texlive/2021/texmf-dist/tex/latex/hyperref/hxetex.def
File: hxetex.def 2021-02-27 v7.00k Hyperref driver for XeTeX
 (/usr/local/texlive/2021/texmf-dist/tex/generic/stringenc/stringenc.sty
Package: stringenc 2019/11/29 v1.12 Convert strings between diff. encodings (HO)
)
\pdfm@box=\box62
\c@Hy@AnnotLevel=\count300
\HyField@AnnotCount=\count301
\Fld@listcount=\count302
\c@bookmark@seq@number=\count303
 (/usr/local/texlive/2021/texmf-dist/tex/latex/rerunfilecheck/rerunfilecheck.sty
Package: rerunfilecheck 2019/12/05 v1.9 Rerun checks for auxiliary files (HO)
 (/usr/local/texlive/2021/texmf-dist/tex/latex/base/atveryend-ltx.sty
Package: atveryend-ltx 2020/08/19 v1.0a Emulation of the original atvery package
with kernel methods
) (/usr/local/texlive/2021/texmf-dist/tex/generic/uniquecounter/uniquecounter.sty
Package: uniquecounter 2019/12/15 v1.4 Provide unlimited unique counter (HO)
)
Package uniquecounter Info: New unique counter `rerunfilecheck' on input line 286.
)
\Hy@SectionHShift=\skip105
) (/usr/local/texlive/2021/texmf-dist/tex/latex/tools/tabularx.sty
Package: tabularx 2020/01/15 v2.11c `tabularx' package (DPC)
\TX@col@width=\dimen180
\TX@old@table=\dimen181
\TX@old@col=\dimen182
\TX@target=\dimen183
\TX@delta=\dimen184
\TX@cols=\count304
\TX@ftn=\toks32
) (/usr/local/texlive/2021/texmf-dist/tex/latex/algorithms/algorithm.sty
Invalid UTF-8 byte or sequence at line 11 replaced by U+FFFD.
Package: algorithm 2009/08/24 v0.1 Document Style `algorithm' - floating environment
\@float@every@algorithm=\toks33
\c@algorithm=\count305
) (/usr/local/texlive/2021/texmf-dist/tex/latex/algorithmicx/algpseudocode.sty
Package: algpseudocode 
 (/usr/local/texlive/2021/texmf-dist/tex/latex/algorithmicx/algorithmicx.sty
Package: algorithmicx 2005/04/27 v1.2 Algorithmicx

Document Style algorithmicx 1.2 - a greatly improved `algorithmic' style
\c@ALG@line=\count306
\c@ALG@rem=\count307
\c@ALG@nested=\count308
\ALG@tlm=\skip106
\ALG@thistlm=\skip107
\c@ALG@Lnr=\count309
\c@ALG@blocknr=\count310
\c@ALG@storecount=\count311
\c@ALG@tmpcounter=\count312
\ALG@tmplength=\skip108
)
Document Style - pseudocode environments for use with the `algorithmicx' style
) (/usr/local/texlive/2021/texmf-dist/tex/latex/listings/listings.sty
\lst@mode=\count313
\lst@gtempboxa=\box63
\lst@token=\toks34
\lst@length=\count314
\lst@currlwidth=\dimen185
\lst@column=\count315
\lst@pos=\count316
\lst@lostspace=\dimen186
\lst@width=\dimen187
\lst@newlines=\count317
\lst@lineno=\count318
\lst@maxwidth=\dimen188
 (/usr/local/texlive/2021/texmf-dist/tex/latex/listings/lstmisc.sty
File: lstmisc.sty 2020/03/24 1.8d (Carsten Heinz)
\c@lstnumber=\count319
\lst@skipnumbers=\count320
\lst@framebox=\box64
) (/usr/local/texlive/2021/texmf-dist/tex/latex/listings/listings.cfg
File: listings.cfg 2020/03/24 1.8d listings configuration
))
Package: listings 2020/03/24 1.8d (Carsten Heinz)
 (/usr/local/texlive/2021/texmf-dist/tex/latex/caption/caption.sty
Package: caption 2020/10/26 v3.5g Customizing captions (AR)
 (/usr/local/texlive/2021/texmf-dist/tex/latex/caption/caption3.sty
Package: caption3 2020/10/21 v2.2e caption3 kernel (AR)
\captionmargin=\dimen189
\captionmargin@=\dimen190
\captionwidth=\dimen191
\caption@tempdima=\dimen192
\caption@indent=\dimen193
\caption@parindent=\dimen194
\caption@hangindent=\dimen195
Package caption Info: Unknown document class (or package),
(caption)             standard defaults will be used.
Package caption Info: \@makecaption = \long macro:#1#2->\singlespace {\textbf {#1} #2\par }  on input line 1139.
)

Package caption Warning: Unknown document class (or package),
(caption)                standard defaults will be used.
See the caption package documentation for explanation.

\c@caption@flags=\count321
\c@continuedfloat=\count322
Package caption Info: float package is loaded.
Package caption Info: hyperref package is loaded.
Package caption Info: listings package is loaded.
) (/usr/local/texlive/2021/texmf-dist/tex/latex/subfiles/subfiles.sty
Package: subfiles 2020/11/14 v2.2 Multi-file projects (package)
 (/usr/local/texlive/2021/texmf-dist/tex/latex/import/import.sty
Package: import 2020/04/01  v 6.2
)) (/usr/local/texlive/2021/texmf-dist/tex/latex/graphics/color.sty
Package: color 2020/02/24 v1.2b Standard LaTeX Color (DPC)
 (/usr/local/texlive/2021/texmf-dist/tex/latex/graphics-cfg/color.cfg
File: color.cfg 2016/01/02 v1.6 sample color configuration
)
Package color Info: Driver file: xetex.def on input line 147.
)
\@nomenclaturefile=\write3
\openout3 = `main.nlo'.

Package nomencl Info: Writing nomenclature file main.nlo on input line 76.


LaTeX Warning: Unused global option(s):
    [A4].

(./main.aux (./important/main-pre.aux) (./important/abstract.aux) (./body.aux

LaTeX Warning: Label `DescriptiveLabel' multiply defined.


LaTeX Warning: Label `fig:bpmn1' multiply defined.


LaTeX Warning: Label `table:advertisement' multiply defined.


LaTeX Warning: Label `table:location' multiply defined.


LaTeX Warning: Label `DescriptiveLabel' multiply defined.


LaTeX Warning: Label `DescriptiveLabel' multiply defined.


LaTeX Warning: Label `DescriptiveLabel' multiply defined.


LaTeX Warning: Label `DescriptiveLabel' multiply defined.

) (./important/bibliography.aux) (./important/appendix.aux

LaTeX Warning: Label `fig:plan01' multiply defined.


LaTeX Warning: Label `DescriptiveLabel' multiply defined.


LaTeX Warning: Label `DescriptiveLabel' multiply defined.


LaTeX Warning: Label `DescriptiveLabel' multiply defined.


LaTeX Warning: Label `DescriptiveLabel' multiply defined.

))
\openout1 = `main.aux'.

LaTeX Font Info:    Checking defaults for OML/cmm/m/it on input line 77.
LaTeX Font Info:    ... okay on input line 77.
LaTeX Font Info:    Checking defaults for OMS/cmsy/m/n on input line 77.
LaTeX Font Info:    ... okay on input line 77.
LaTeX Font Info:    Checking defaults for OT1/cmr/m/n on input line 77.
LaTeX Font Info:    ... okay on input line 77.
LaTeX Font Info:    Checking defaults for T1/cmr/m/n on input line 77.
LaTeX Font Info:    ... okay on input line 77.
LaTeX Font Info:    Checking defaults for TS1/cmr/m/n on input line 77.
LaTeX Font Info:    Trying to load font information for TS1+cmr on input line 77.
 (/usr/local/texlive/2021/texmf-dist/tex/latex/base/ts1cmr.fd
File: ts1cmr.fd 2019/12/16 v2.5j Standard LaTeX font definitions
)
LaTeX Font Info:    ... okay on input line 77.
LaTeX Font Info:    Checking defaults for TU/lmr/m/n on input line 77.
LaTeX Font Info:    ... okay on input line 77.
LaTeX Font Info:    Checking defaults for OMX/cmex/m/n on input line 77.
LaTeX Font Info:    ... okay on input line 77.
LaTeX Font Info:    Checking defaults for U/cmr/m/n on input line 77.
LaTeX Font Info:    ... okay on input line 77.
LaTeX Font Info:    Checking defaults for T3/cmr/m/n on input line 77.
LaTeX Font Info:    Trying to load font information for T3+cmr on input line 77.
 (/usr/local/texlive/2021/texmf-dist/tex/latex/tipa/t3cmr.fd
File: t3cmr.fd 2001/12/31 TIPA font definitions
)
LaTeX Font Info:    ... okay on input line 77.
LaTeX Font Info:    Checking defaults for PD1/pdf/m/n on input line 77.
LaTeX Font Info:    ... okay on input line 77.
LaTeX Font Info:    Checking defaults for PU/pdf/m/n on input line 77.
LaTeX Font Info:    ... okay on input line 77.

Package fontspec Info: Adjusting the maths setup (use [no-math] to avoid
(fontspec)             this).

\symlegacymaths=\mathgroup7
LaTeX Font Info:    Overwriting symbol font `legacymaths' in version `bold'
(Font)                  OT1/cmr/m/n --> OT1/cmr/bx/n on input line 77.
LaTeX Font Info:    Redeclaring math accent \acute on input line 77.
LaTeX Font Info:    Redeclaring math accent \grave on input line 77.
LaTeX Font Info:    Redeclaring math accent \ddot on input line 77.
LaTeX Font Info:    Redeclaring math accent \tilde on input line 77.
LaTeX Font Info:    Redeclaring math accent \bar on input line 77.
LaTeX Font Info:    Redeclaring math accent \breve on input line 77.
LaTeX Font Info:    Redeclaring math accent \check on input line 77.
LaTeX Font Info:    Redeclaring math accent \hat on input line 77.
LaTeX Font Info:    Redeclaring math accent \dot on input line 77.
LaTeX Font Info:    Redeclaring math accent \mathring on input line 77.
LaTeX Font Info:    Redeclaring math symbol \Gamma on input line 77.
LaTeX Font Info:    Redeclaring math symbol \Delta on input line 77.
LaTeX Font Info:    Redeclaring math symbol \Theta on input line 77.
LaTeX Font Info:    Redeclaring math symbol \Lambda on input line 77.
LaTeX Font Info:    Redeclaring math symbol \Xi on input line 77.
LaTeX Font Info:    Redeclaring math symbol \Pi on input line 77.
LaTeX Font Info:    Redeclaring math symbol \Sigma on input line 77.
LaTeX Font Info:    Redeclaring math symbol \Upsilon on input line 77.
LaTeX Font Info:    Redeclaring math symbol \Phi on input line 77.
LaTeX Font Info:    Redeclaring math symbol \Psi on input line 77.
LaTeX Font Info:    Redeclaring math symbol \Omega on input line 77.
LaTeX Font Info:    Redeclaring math symbol \mathdollar on input line 77.
LaTeX Font Info:    Redeclaring symbol font `operators' on input line 77.
LaTeX Font Info:    Encoding `OT1' has changed to `TU' for symbol font
(Font)              `operators' in the math version `normal' on input line 77.
LaTeX Font Info:    Overwriting symbol font `operators' in version `normal'
(Font)                  OT1/cmr/m/n --> TU/TimesNewRoman(0)/m/n on input line 77.
LaTeX Font Info:    Encoding `OT1' has changed to `TU' for symbol font
(Font)              `operators' in the math version `bold' on input line 77.
LaTeX Font Info:    Overwriting symbol font `operators' in version `bold'
(Font)                  OT1/cmr/bx/n --> TU/TimesNewRoman(0)/m/n on input line 77.
LaTeX Font Info:    Overwriting symbol font `operators' in version `normal'
(Font)                  TU/TimesNewRoman(0)/m/n --> TU/TimesNewRoman(0)/m/n on input line 77.
LaTeX Font Info:    Overwriting math alphabet `\mathit' in version `normal'
(Font)                  OT1/cmr/m/it --> TU/TimesNewRoman(0)/m/it on input line 77.
LaTeX Font Info:    Overwriting math alphabet `\mathbf' in version `normal'
(Font)                  OT1/cmr/bx/n --> TU/TimesNewRoman(0)/b/n on input line 77.
LaTeX Font Info:    Overwriting math alphabet `\mathsf' in version `normal'
(Font)                  OT1/cmss/m/n --> TU/Arial(0)/m/n on input line 77.
LaTeX Font Info:    Overwriting math alphabet `\mathtt' in version `normal'
(Font)                  OT1/cmtt/m/n --> TU/lmtt/m/n on input line 77.
LaTeX Font Info:    Overwriting symbol font `operators' in version `bold'
(Font)                  TU/TimesNewRoman(0)/m/n --> TU/TimesNewRoman(0)/b/n on input line 77.
LaTeX Font Info:    Overwriting math alphabet `\mathit' in version `bold'
(Font)                  OT1/cmr/bx/it --> TU/TimesNewRoman(0)/b/it on input line 77.
LaTeX Font Info:    Overwriting math alphabet `\mathsf' in version `bold'
(Font)                  OT1/cmss/bx/n --> TU/Arial(0)/b/n on input line 77.
LaTeX Font Info:    Overwriting math alphabet `\mathtt' in version `bold'
(Font)                  OT1/cmtt/m/n --> TU/lmtt/b/n on input line 77.

*geometry* driver: auto-detecting
*geometry* detected driver: xetex
*geometry* verbose mode - [ preamble ] result:
* driver: xetex
* paper: <default>
* layout: <same size as paper>
* layoutoffset:(h,v)=(0.0pt,0.0pt)
* modes: includefoot 
* h-part:(L,W,R)=(85.35826pt, 472.03123pt, 56.9055pt)
* v-part:(T,H,B)=(71.13188pt, 666.9326pt, 56.9055pt)
* \paperwidth=614.295pt
* \paperheight=794.96999pt
* \textwidth=472.03123pt
* \textheight=636.9326pt
* \oddsidemargin=13.08827pt
* \evensidemargin=13.08827pt
* \topmargin=-38.1381pt
* \headheight=12.0pt
* \headsep=25.0pt
* \topskip=12.0pt
* \footskip=30.0pt
* \marginparwidth=44.0pt
* \marginparsep=10.0pt
* \columnsep=10.0pt
* \skip\footins=10.8pt plus 4.0pt minus 2.0pt
* \hoffset=0.0pt
* \voffset=0.0pt
* \mag=1000
* \@twocolumnfalse
* \@twosidefalse
* \@mparswitchfalse
* \@reversemarginfalse
* (1in=72.27pt=25.4mm, 1cm=28.453pt)

Package hyperref Info: Link coloring OFF on input line 77.
(/usr/local/texlive/2021/texmf-dist/tex/latex/hyperref/nameref.sty
Package: nameref 2021-04-02 v2.47 Cross-referencing by name of section
 (/usr/local/texlive/2021/texmf-dist/tex/latex/refcount/refcount.sty
Package: refcount 2019/12/15 v3.6 Data extraction from label references (HO)
) (/usr/local/texlive/2021/texmf-dist/tex/generic/gettitlestring/gettitlestring.sty
Package: gettitlestring 2019/12/15 v1.6 Cleanup title references (HO)
)
\c@section@level=\count323
)
LaTeX Info: Redefining \ref on input line 77.
LaTeX Info: Redefining \pageref on input line 77.
LaTeX Info: Redefining \nameref on input line 77.
 (./main.out) (./main.out)
\@outlinefile=\write4
\openout4 = `main.out'.

\c@lstlisting=\count324
Package caption Info: Begin \AtBeginDocument code.
Package caption Info: End \AtBeginDocument code.
\openout2 = `important/main-pre.aux'.

 (./important/main-pre.tex [1


]
LaTeX Font Info:    Trying to load font information for U+msa on input line 5.
 (/usr/local/texlive/2021/texmf-dist/tex/latex/amsfonts/umsa.fd
File: umsa.fd 2013/01/14 v3.01 AMS symbols A
)
LaTeX Font Info:    Trying to load font information for U+msb on input line 5.
 (/usr/local/texlive/2021/texmf-dist/tex/latex/amsfonts/umsb.fd
File: umsb.fd 2013/01/14 v3.01 AMS symbols B
)
Overfull \hbox (218.38214pt too wide) in paragraph at lines 5--5
[][] 
 []


Overfull \hbox (18.0pt too wide) in paragraph at lines 5--5
[][] 
 []

[0

]
Underfull \hbox (badness 10000) in paragraph at lines 10--14

 []


Overfull \hbox (11.61324pt too wide) in paragraph at lines 10--14
\TU/TimesNewRoman(0)/m/n/12 Миний бие Анужингийн Сайнзолбоо ”АЖИЛ ОЛГОГЧДЫН ӨГӨГДЛИЙН АНАЛИЗ СИСТЕМ
 []


Overfull \hbox (13.31721pt too wide) in paragraph at lines 16--17
[]\TU/TimesNewRoman(0)/m/n/12 Энэ ажлын аль нэг хэсгийг эсвэл бүхлээр нь ямар нэг их, дээд сургуулийн зэрэг горилохоор
 []


Overfull \hbox (13.07112pt too wide) in paragraph at lines 18--19
[]\TU/TimesNewRoman(0)/m/n/12 Ажлыг би өөрөө (хамтарч) хийсэн ба миний хийсэн ажил, үзүүлсэн дэмжлэгийг дипломын
 []

[1

]

Package geometry Warning: `letterpaper': not available in `\newgeometry'; skipped.

*geometry* verbose mode - [ newgeometry ] result:
* driver: xetex
* paper: <default>
* layout: <same size as paper>
* layoutoffset:(h,v)=(0.0pt,0.0pt)
* modes: includehead includefoot 
* h-part:(L,W,R)=(90.3375pt, 433.62001pt, 90.3375pt)
* v-part:(T,H,B)=(72.26999pt, 650.43pt, 72.27pt)
* \paperwidth=614.295pt
* \paperheight=794.96999pt
* \textwidth=433.62001pt
* \textheight=583.43pt
* \oddsidemargin=18.0675pt
* \evensidemargin=18.0675pt
* \topmargin=0.0pt
* \headheight=12.0pt
* \headsep=25.0pt
* \topskip=12.0pt
* \footskip=30.0pt
* \marginparwidth=44.0pt
* \marginparsep=10.0pt
* \columnsep=10.0pt
* \skip\footins=10.8pt plus 4.0pt minus 2.0pt
* \hoffset=0.0pt
* \voffset=0.0pt
* \mag=1000
* \@twocolumnfalse
* \@twosidefalse
* \@mparswitchfalse
* \@reversemarginfalse
* (1in=72.27pt=25.4mm, 1cm=28.453pt)

(./main.toc [2

])
\tf@toc=\write5
\openout5 = `main.toc'.

 [3]

Package geometry Warning: `letterpaper': not available in `\newgeometry'; skipped.

*geometry* verbose mode - [ newgeometry ] result:
* driver: xetex
* paper: <default>
* layout: <same size as paper>
* layoutoffset:(h,v)=(0.0pt,0.0pt)
* modes: includehead includefoot 
* h-part:(L,W,R)=(90.3375pt, 433.62001pt, 90.3375pt)
* v-part:(T,H,B)=(72.26999pt, 650.43pt, 72.27pt)
* \paperwidth=614.295pt
* \paperheight=794.96999pt
* \textwidth=433.62001pt
* \textheight=583.43pt
* \oddsidemargin=18.0675pt
* \evensidemargin=18.0675pt
* \topmargin=0.0pt
* \headheight=12.0pt
* \headsep=25.0pt
* \topskip=12.0pt
* \footskip=30.0pt
* \marginparwidth=44.0pt
* \marginparsep=10.0pt
* \columnsep=10.0pt
* \skip\footins=10.8pt plus 4.0pt minus 2.0pt
* \hoffset=0.0pt
* \voffset=0.0pt
* \mag=1000
* \@twocolumnfalse
* \@twosidefalse
* \@mparswitchfalse
* \@reversemarginfalse
* (1in=72.27pt=25.4mm, 1cm=28.453pt)

(./main.lof)
\tf@lof=\write6
\openout6 = `main.lof'.

 [4



]

Package geometry Warning: `letterpaper': not available in `\newgeometry'; skipped.

*geometry* verbose mode - [ newgeometry ] result:
* driver: xetex
* paper: <default>
* layout: <same size as paper>
* layoutoffset:(h,v)=(0.0pt,0.0pt)
* modes: includehead includefoot 
* h-part:(L,W,R)=(90.3375pt, 433.62001pt, 90.3375pt)
* v-part:(T,H,B)=(72.26999pt, 650.43pt, 72.27pt)
* \paperwidth=614.295pt
* \paperheight=794.96999pt
* \textwidth=433.62001pt
* \textheight=583.43pt
* \oddsidemargin=18.0675pt
* \evensidemargin=18.0675pt
* \topmargin=0.0pt
* \headheight=12.0pt
* \headsep=25.0pt
* \topskip=12.0pt
* \footskip=30.0pt
* \marginparwidth=44.0pt
* \marginparsep=10.0pt
* \columnsep=10.0pt
* \skip\footins=10.8pt plus 4.0pt minus 2.0pt
* \hoffset=0.0pt
* \voffset=0.0pt
* \mag=1000
* \@twocolumnfalse
* \@twosidefalse
* \@mparswitchfalse
* \@reversemarginfalse
* (1in=72.27pt=25.4mm, 1cm=28.453pt)

(./main.lot)
\tf@lot=\write7
\openout7 = `main.lot'.

 [5



] (./main.lol)
\tf@lol=\write8
\openout8 = `main.lol'.

 [6



])
\openout2 = `important/abstract.aux'.

 (./important/abstract.tex
Overfull \hbox (9.58595pt too wide) in paragraph at lines 3--4
[]\TU/TimesNewRoman(0)/m/n/12 Мэдээллийн технологи эрчимтэй хөгжиж буй өнөөгийн нийгэмд байгууллага үйл ажиллагаа
 []


Overfull \hbox (10.52815pt too wide) in paragraph at lines 3--4
\TU/TimesNewRoman(0)/m/n/12 хадгалах нь өгөгдлийн сангийн нөөцөд хортой байдаг тул өгөгдөлд шинжилгээ хийж, тэдгээрээс
 []


Overfull \hbox (9.44923pt too wide) in paragraph at lines 5--6
\TU/TimesNewRoman(0)/m/n/12 бакалаврын судалгааны ажлаар ажил олгогч болон ажил идэвхтэй хайгч хоёрыг түргэн шуурхай
 []

[1



])
\openout2 = `body.aux'.

 (./body.tex
\uppercase {Бүлэг}1.

Package hyperref Warning: Token not allowed in a PDF string (Unicode):
(hyperref)                removing `\uppercase' on input line 2.

(./chapters/introduction.tex
Underfull \hbox (badness 10000) in paragraph at lines 2--1

 []


Overfull \hbox (5.88087pt too wide) in paragraph at lines 2--4
\TU/TimesNewRoman(0)/m/n/12 систем дээр суурилсан чатбот” сэдвийн дагуу ажил хайгчдыг ажлын байрны мэдээллээр хангах
 []


Overfull \hbox (9.2956pt too wide) in paragraph at lines 2--4
\TU/TimesNewRoman(0)/m/n/12 Чатбот системийг хөгжүүлнэ. Ажлын байрны мэдээллийг Data Scraping аргын тусламжтайгаар,
 []


Overfull \hbox (19.37306pt too wide) in paragraph at lines 2--4
\TU/TimesNewRoman(0)/m/n/12 Мөн энэ системд машин сургалтын арга болох Language Understanding-ийг ашиглан хэрэглэгчийн
 []


Overfull \hbox (14.7762pt too wide) in paragraph at lines 5--6
[] \TU/TimesNewRoman(0)/m/n/12 Ажлын хайгчдын хэрэгцээт асуултад хариулж, ажлын байрны хүртээмжийг нэмэгдүүлэхэд
 []

)
Overfull \hbox (5.90431pt too wide) in paragraph at lines 16--4
[] \TU/TimesNewRoman(0)/m/n/12 Ажлын байрны дэлгэрэнгүй мэдээллийг цуглуулснаар цаашид тэдгээрт шинжилгээ хийж
 []


Overfull \hbox (9.16292pt too wide) in paragraph at lines 16--4
\TU/TimesNewRoman(0)/m/n/12 хамгийн их эрэлттэй, өндөр цалинтай ажлын байр гэх зэрэг мэдээллүүдийг систем хэрэглэгчдэд
 []

[2





] [3]
\uppercase {Бүлэг}2.

Package hyperref Warning: Token not allowed in a PDF string (Unicode):
(hyperref)                removing `\uppercase' on input line 5.

(./chapters/research.tex
Underfull \hbox (badness 10000) in paragraph at lines 5--1

 []

LaTeX Font Info:    Font shape `TU/TimesNewRoman(0)/m/sl' in size <12> not available
(Font)              Font shape `TU/TimesNewRoman(0)/m/it' tried instead on input line 3.
LaTeX Font Info:    Font shape `TU/TimesNewRoman(0)/b/sl' in size <12> not available
(Font)              Font shape `TU/TimesNewRoman(0)/b/it' tried instead on input line 3.

Overfull \hbox (4.10548pt too wide) in paragraph at lines 10--21
\TU/TimesNewRoman(0)/m/n/12 Өнөөгийн зах зээлд хэрэгжиж буй чатботуудын хамгийн энгийн бөгөөд түгээмэл хэлбэр юм.[[]]
 []


Overfull \hbox (4.90106pt too wide) in paragraph at lines 10--21
\TU/TimesNewRoman(0)/m/n/12 бүтэцлэн хадгалдаг. Хэрэглэгч хүссэн хариултаа авахын тулд системийн хадгалсан хариултаар
 []


Overfull \hbox (22.87842pt too wide) in paragraph at lines 10--21
\TU/TimesNewRoman(0)/m/n/12 аялах хэрэгтэй болдог. Бусад чатботтой харьцуулбал, хариулт хязгаарлагдмал бөгөөд хэрэглэгчээс
 []


Overfull \hbox (3.63283pt too wide) in paragraph at lines 10--21
\TU/TimesNewRoman(0)/m/n/12 Машин сургалтын чатбот нь илүү уян хатан хэрэглэгчдэд ээлтэй чатботыг бий болгодог боловч
 []

[4

]
Overfull \hbox (9.50587pt too wide) in paragraph at lines 22--25
\TU/TimesNewRoman(0)/m/n/12 өгөгдлийн санд хадгалах боломжтой бөгөөд нэгэнт цуглуулсан их хэмжээний өгөгдөлд судалгаа
 []

[5]
Overfull \hbox (22.04494pt too wide) in paragraph at lines 29--35
\TU/TimesNewRoman(0)/m/n/12 Ихэвчлэн энэхүү хоёр аргыг хослуулан ашигладаг бөгөөд шаардлагад нийцэх өгөгдлийг үлдээлгүй
 []


Overfull \hbox (3.8719pt too wide) in paragraph at lines 29--35
\TU/TimesNewRoman(0)/m/n/12 бүгдийг нь олоход \TU/TimesNewRoman(0)/m/it/12 data crawling\TU/TimesNewRoman(0)/m/n/12 -ийг ашиглах бол олсон өгөгдлийг задалж, шинжлэн өгөгдлийн
 []


Overfull \hbox (34.65186pt too wide) in paragraph at lines 29--35
\TU/TimesNewRoman(0)/m/n/12 санд хадгалах үйлдлийг \TU/TimesNewRoman(0)/m/it/12 data scraping \TU/TimesNewRoman(0)/m/n/12 хийдэг. Жишээлбэл, худалдааны сайтын бараа бүтээгдэхүүний
 []

[6]
File: images/pizzaHut.png Graphic file (type bmp)
<images/pizzaHut.png>

Overfull \hbox (10.34521pt too wide) in paragraph at lines 37--44
\TU/TimesNewRoman(0)/m/it/12 book messenger chatbot \TU/TimesNewRoman(0)/m/n/12 хангадаг. Чатбот эрчээ авч эхэлсэн шалтгаан нь хүмүүс, бусад хүмүүсийг
 []


Overfull \hbox (4.63557pt too wide) in paragraph at lines 37--44
\TU/TimesNewRoman(0)/m/n/12 хүлээлгүйгээр үйлчилгээ авах, тусламж авах зэрэг үйлчилгээг зэрэг нэвтрүүлсэнтэй холбоотой
 []


Overfull \hbox (15.79689pt too wide) in paragraph at lines 37--44
\TU/TimesNewRoman(0)/m/n/12 Үйлчлүүлэгчдийн захиалга хүлээх хугацааг багасгахын тулд захиалгын үйл явцыг хурдасгаснаар
 []

File: images/whoBOT.png Graphic file (type bmp)
<images/whoBOT.png>

Overfull \hbox (25.03676pt too wide) in paragraph at lines 46--53
\TU/TimesNewRoman(0)/m/n/12 оршин суугаа хүмүүст цар тахлын мэдээлэл, урьдчилан сэргийлэх арга, баталгаатай эх сурвалжийн
 []


Overfull \hbox (6.48895pt too wide) in paragraph at lines 46--53
\TU/TimesNewRoman(0)/m/n/12 мэдээллээр хангах зорилготой чатбот юм. Дэлхий нийтээр вакцинжуулалтын хөдөлгөөн өрнөж
 []


Overfull \hbox (1.9098pt too wide) in paragraph at lines 46--53
\TU/TimesNewRoman(0)/m/n/12 байх үеэр вакцины талаарх мэдээлэл, архаг хууч өвчинд нөлөөлөх талаар найдвартай, хамгийн
 []

[7]
Overfull \hbox (0.82228pt too wide) in paragraph at lines 54--55
\TU/TimesNewRoman(0)/m/n/12 задлах технологийг ашигласан бөгөөд чатбот системийн түлхүүр үг таних технологийг \TU/TimesNewRoman(0)/m/it/12 Python
 []


Overfull \hbox (2.29083pt too wide) in paragraph at lines 54--55
\TU/TimesNewRoman(0)/m/n/12 цуглуулсан өгөгдлийг \TU/TimesNewRoman(0)/m/it/12 CSV \TU/TimesNewRoman(0)/m/n/12 файлд хадгалан, \TU/TimesNewRoman(0)/m/it/12 Microsoft Bot Framework\TU/TimesNewRoman(0)/m/n/12 -ийг чатбот хөгжүүлэлтэд
 []

[8]
File: images/pythonLogo.png Graphic file (type bmp)
<images/pythonLogo.png>
 (/usr/local/texlive/2021/texmf-dist/tex/latex/listings/lstlang1.sty
File: lstlang1.sty 2020/03/24 1.8d listings language file
)
Overfull \hbox (8.79378pt too wide) in paragraph at lines 56--64
\TU/TimesNewRoman(0)/m/n/12 ойлгоход хялбар \TU/TimesNewRoman(0)/m/it/12 syntax\TU/TimesNewRoman(0)/m/n/12 -ийн дүрэмтэй байдаг тул хэрэглэгчдийн тоо нь javascript, java хэлүүдтэй
 []


Underfull \hbox (badness 10000) in paragraph at lines 56--64

 []

Package hyperref Info: bookmark level for unknown lstlisting defaults to 0 on input line 64.
(./code/pythonTest.py) [9]
Overfull \hbox (8.29495pt too wide) in paragraph at lines 65--66
\TU/TimesNewRoman(0)/m/n/12 утгаараа ойлгомжтой байдаг. Syntax-ийн хувьд ; ашигладаггүй ба догол мөрөөр програмчлалын
 []

File: images/bs4.png Graphic file (type bmp)
<images/bs4.png>

Overfull \hbox (12.02345pt too wide) in paragraph at lines 67--75
[]\TU/TimesNewRoman(0)/m/n/12 Өгөгдөл цуглуулгын олон технологиудын нэг нь \TU/TimesNewRoman(0)/m/it/12 BeautifulSoup \TU/TimesNewRoman(0)/m/n/12 бөгөөд \TU/TimesNewRoman(0)/m/it/12 python \TU/TimesNewRoman(0)/m/n/12 програмчлалын
 []


Overfull \hbox (6.14064pt too wide) in paragraph at lines 67--75
\TU/TimesNewRoman(0)/m/n/12 элементүүдийн агуулгыг шаардлага болон түлхүүр үгийн дагуу цуглуулах зарчмаар ажилладаг.
 []


Overfull \hbox (6.87502pt too wide) in paragraph at lines 67--75
\TU/TimesNewRoman(0)/m/n/12 бүх ажлын байрны ангилал болон шүүлтүүрийн агуулгыг цуглуулсан бөгөөд жишээнд зориулж
 []

(./code/bs.py [10])
File: images/bsExample.png Graphic file (type bmp)
<images/bsExample.png>
File: images/cosineSimilarity.png Graphic file (type bmp)
<images/cosineSimilarity.png>
File: images/sbert.png Graphic file (type bmp)
<images/sbert.png>

Overfull \hbox (21.8633pt too wide) in paragraph at lines 83--98
[]\TU/TimesNewRoman(0)/m/n/12 Python хэлний framework болох SentenceTransformers [[]] буюу өгүүлбэр хувиргалт нь өгүүлбэр
 []


Overfull \hbox (12.96906pt too wide) in paragraph at lines 83--98
\TU/TimesNewRoman(0)/m/n/12 харьцуулах, хайлт хийх, түүнд шинжилгээ хийх зэргээр ашиглаж болно. Доорх зурагт өгүүлбэрт
 []


Overfull \hbox (12.17073pt too wide) in paragraph at lines 83--98
\TU/TimesNewRoman(0)/m/n/12 хувиргалт хийж, шинжилгээний үр дүнгийн вектор хоорондын өнцгөөр хэрхэн тодорхойлогддог
 []

[11]

LaTeX Warning: `h' float specifier changed to `ht'.

File: images/azureSteps.png Graphic file (type bmp)
<images/azureSteps.png>

Underfull \hbox (badness 10000) in paragraph at lines 101--111

 []


Underfull \hbox (badness 10000) in paragraph at lines 101--111

 []


Overfull \hbox (8.16943pt too wide) in paragraph at lines 101--111
\TU/TimesNewRoman(0)/m/n/12 Design буюу загварчлах нь төслийн төлөвлөгөөг гаргах юм. Өөрөөр хэлбэл, системийн зорилго,
 []


Overfull \hbox (23.85353pt too wide) in paragraph at lines 101--111
\TU/TimesNewRoman(0)/m/n/12 шаардлагыг тодорхойлсны дагуу бот системийг өргөжүүлж ашиглах боломжтой бөгөөд тэдгээрээс
 []

[12] [13]
File: images/botConnection.png Graphic file (type bmp)
<images/botConnection.png>
)
Overfull \hbox (15.26369pt too wide) in paragraph at lines 116--7
\TU/TimesNewRoman(0)/m/n/12 Програм хангамжийн хөгжүүлэлтийн амьдралын мөчлөгийн адилаар тестийн үйл явцыг алгасаж
 []


Overfull \hbox (11.3034pt too wide) in paragraph at lines 116--7
\TU/TimesNewRoman(0)/m/n/12 болохгүй. Нэгэнт хэрэглэгчийн гарт бот системийг оруулахаас өмнө гарч болох алдаа дутагдлыг
 []


Overfull \hbox (11.71095pt too wide) in paragraph at lines 116--7
\TU/TimesNewRoman(0)/m/n/12 анализ хийж системийг дахин сайжруулах боломжтой бөгөөд буцаад угсрах үйл явцруу шилжих
 []

[14] [15]
\uppercase {Бүлэг}3.

Package hyperref Warning: Token not allowed in a PDF string (Unicode):
(hyperref)                removing `\uppercase' on input line 8.

(./chapters/analysis.tex
Underfull \hbox (badness 10000) in paragraph at lines 8--1

 []

File: images/bpmn1.png Graphic file (type bmp)
<images/bpmn1.png>
File: images/bpmn2.png Graphic file (type bmp)
<images/bpmn2.png>

LaTeX Warning: `h' float specifier changed to `ht'.

[16

] [17]
Overfull \hbox (8.5848pt too wide) in paragraph at lines 43--44
[]\TU/TimesNewRoman(0)/m/n/12 Чатботын байршуулсан сувагт, шаардлагаас хамаарч ямар ч төхөөрөмжөөс хандаж болно. 
 []

File: images/useCase.png Graphic file (type bmp)
<images/useCase.png>
)
Overfull \hbox (3.14911pt too wide) in paragraph at lines 61--10
[]\TU/TimesNewRoman(0)/m/n/12 Чатбот системийн use-case диаграмыг байдлаар тодорхойлов [[]]. Бараа материалын ажлын
 []

[18]

LaTeX Warning: `h' float specifier changed to `ht'.

[19] [20]
\uppercase {Бүлэг}4.

Package hyperref Warning: Token not allowed in a PDF string (Unicode):
(hyperref)                removing `\uppercase' on input line 11.

(./chapters/design.tex
Underfull \hbox (badness 10000) in paragraph at lines 11--1

 []

File: images/dbDiagram.png Graphic file (type bmp)
<images/dbDiagram.png>
[21

]
Overfull \hbox (13.79103pt too wide) in paragraph at lines 11--12
[]\TU/TimesNewRoman(0)/m/n/12 Чатбот системийн өгөгдлийн сангийн диаграмд харуулсан хүснэгтүүдэд агуулагдах мэдээлэл
 []

[22]
Overfull \hbox (4.7676pt too wide) in paragraph at lines 58--59
\TU/TimesNewRoman(0)/b/n/12 workTime_type \TU/TimesNewRoman(0)/m/n/12 буюу ажиллах цагийн нөхцөл нь дараах үндсэн 4 өгөгдлийн төрлөөс хамаарна: 
 []

[23]

LaTeX Warning: `h' float specifier changed to `ht'.

[24]) [25]
\uppercase {Бүлэг}5.

Package hyperref Warning: Token not allowed in a PDF string (Unicode):
(hyperref)                removing `\uppercase' on input line 14.

(./chapters/implement.tex
Underfull \hbox (badness 10000) in paragraph at lines 14--1

 []


Overfull \hbox (12.76643pt too wide) in paragraph at lines 2--3
[]\TU/TimesNewRoman(0)/m/n/12 Чатбот системийн хөгжүүлэлтийг хийхдээ шаардлагууд дээр үндэслэн, үечилсэн төлөвлөгөө
 []

File: images/mainProcess.png Graphic file (type bmp)
<images/mainProcess.png>

LaTeX Warning: `h' float specifier changed to `ht'.

[26

]
Overfull \hbox (36.55711pt too wide) in paragraph at lines 21--22
\TU/TimesNewRoman(0)/m/n/12 ээс BeautifulSoup ашиглан авсан. Эхлээд вебсайтынхаа HTML бүтцийг нь судалж, авах өгөгдлийнхөө
 []

(./code/dataScrapping.py
consecutive:
[27] [28]) (./code/dataScrapping.py
consecutive:
) [29]
Overfull \hbox (16.85028pt too wide) in paragraph at lines 25--26
\TU/TimesNewRoman(0)/m/n/12 байна. Ингэхдээ эхлээд категори доторх өгөгдлүүд нь хуудаслагдсан (pagination) байх боломжтой
 []


Overfull \hbox (18.10744pt too wide) in paragraph at lines 25--26
\TU/TimesNewRoman(0)/m/n/12 бөгөөд хэрэв олон хуудастай байвал хаягуудыг нь угсарч тэдгээрээс ч мөн өгөгдлийг нь цуглуулах
 []

(./code/pagination.py)
Overfull \hbox (1.08986pt too wide) in paragraph at lines 27--28
\TU/TimesNewRoman(0)/m/n/12 дахин data crawling хийж бүх хаягуудыг цуглуулж энэ удаад dictionary үүсгэж зарын хаягуудыг
 []

[30] (./code/dataScrapping.py
consecutive:
[31]) [32]
Underfull \hbox (badness 10000) in paragraph at lines 31--31
[][][][]$[][][][][] [] [] [] [][][][] [] [][][][][][] [] [][][] [] [][][][][][][][][][][][] [] [] [] [][][][][][][][][][][][][][][][][][][][][][][][][][][][][][][][][][][][][][][][][][][][][][] []
 []

File: images/dataSet.png Graphic file (type bmp)
<images/dataSet.png>
)) [33]
\openout2 = `important/bibliography.aux'.

 (./important/bibliography.tex
Overfull \hbox (21.42442pt too wide) in paragraph at lines 21--24
[]$[][][][][] [] [] [] [][][][][][] [] [][][] [] [][][][][][][][] [] [][][][][][][][][][][][][][][][][][][][][][][][][][][][][][][][][][][][][][][][][][][][][][][][][][][][][][] []
 []

) [34




]
\openout2 = `important/appendix.aux'.

 (./important/appendix.tex
AppendixA.

Package hyperref Warning: Token not allowed in a PDF string (Unicode):
(hyperref)                removing `\uppercase' on input line 9.

File: images/plan.png Graphic file (type bmp)
<images/plan.png>
[35




]
AppendixB.

Package hyperref Warning: Token not allowed in a PDF string (Unicode):
(hyperref)                removing `\uppercase' on input line 17.


Underfull \hbox (badness 10000) in paragraph at lines 17--18

 []

File: images/folderStructure.png Graphic file (type bmp)
<images/folderStructure.png>

Overfull \hbox (1.87502pt too wide) in paragraph at lines 20--27
[]\TU/TimesNewRoman(0)/m/n/12 Өгөгдөл цуглуулах програм нь дараах бүтэцтэй байх бөгөөд assets доторх кодууд нь үндсэн
 []

(./code/dataScrapping.py [36

] [37]) (./code/adScrape.py [38]
Missing character: There is no Т (U+0422) in font [lmmono10-regular]:!
Missing character: There is no о (U+043E) in font [lmmono10-regular]:!
Missing character: There is no х (U+0445) in font [lmmono10-regular]:!
Missing character: There is no и (U+0438) in font [lmmono10-regular]:!
Missing character: There is no р (U+0440) in font [lmmono10-regular]:!
Missing character: There is no о (U+043E) in font [lmmono10-regular]:!
Missing character: There is no л (U+043B) in font [lmmono10-regular]:!
Missing character: There is no ц (U+0446) in font [lmmono10-regular]:!
Missing character: There is no о (U+043E) in font [lmmono10-regular]:!
Missing character: There is no н (U+043D) in font [lmmono10-regular]:!
Missing character: There is no о (U+043E) in font [lmmono10-regular]:!
 [39]
Missing character: There is no Х (U+0425) in font [lmmono10-regular]:!
Missing character: There is no о (U+043E) in font [lmmono10-regular]:!
Missing character: There is no л (U+043B) in font [lmmono10-regular]:!
Missing character: There is no б (U+0431) in font [lmmono10-regular]:!
Missing character: There is no о (U+043E) in font [lmmono10-regular]:!
Missing character: There is no о (U+043E) in font [lmmono10-regular]:!
Missing character: There is no б (U+0431) in font [lmmono10-regular]:!
Missing character: There is no а (U+0430) in font [lmmono10-regular]:!
Missing character: There is no р (U+0440) in font [lmmono10-regular]:!
Missing character: There is no и (U+0438) in font [lmmono10-regular]:!
Missing character: There is no х (U+0445) in font [lmmono10-regular]:!
Missing character: There is no Х (U+0425) in font [lmmono10-regular]:!
Missing character: There is no а (U+0430) in font [lmmono10-regular]:!
Missing character: There is no я (U+044F) in font [lmmono10-regular]:!
Missing character: There is no г (U+0433) in font [lmmono10-regular]:!
) [40] (./code/classTypes.py) (./code/scrape.py [41])) [42] (./main.aux (./important/main-pre.aux) (./important/abstract.aux) (./body.aux) (./important/bibliography.aux) (./important/appendix.aux))

LaTeX Warning: There were multiply-defined labels.

Package rerunfilecheck Info: File `main.out' has not changed.
(rerunfilecheck)             Checksum: 88780B3CCEF3B05462C7EC68B597174F;5181.
 ) 
Here is how much of TeX's memory you used:
 20915 strings out of 476919
 370608 string characters out of 5821840
 1194364 words of memory out of 5000000
 40455 multiletter control sequences out of 15000+600000
 412200 words of font info for 106 fonts, out of 8000000 for 9000
 1348 hyphenation exceptions out of 8191
 113i,15n,117p,801b,2058s stack positions out of 5000i,500n,10000p,200000b,80000s

Output written on main.xdv (50 pages, 778328 bytes).
